<?xml version="1.0" encoding="UTF-8"?>
<!-- Generated by org.testng.reporters.JUnitReportReporter -->
<testsuite skipped="0" hostname="DESKTOP-Q2ECTOR" name="getRequest.GetWeatherTest" tests="2" failures="0" timestamp="2020-01-05T14:03:14 CST" time="5.337" errors="0">
  <testcase name="testBody" time="4.300" classname="getRequest.GetWeatherTest"/>
  <testcase name="testResponseCode" time="1.037" classname="getRequest.GetWeatherTest"/>
</testsuite> <!-- getRequest.GetWeatherTest -->
