<?xml version="1.0" encoding="UTF-8"?>
<!-- Generated by org.testng.reporters.JUnitReportReporter -->
<testsuite skipped="0" hostname="DESKTOP-Q2ECTOR" name="getRequest.GetWeatherTestModif" tests="2" failures="0" timestamp="2020-01-05T14:19:49 CST" time="257.946" errors="0">
  <testcase name="testResponseCode" time="252.983" classname="getRequest.GetWeatherTestModif"/>
  <testcase name="testBody" time="4.963" classname="getRequest.GetWeatherTestModif"/>
</testsuite> <!-- getRequest.GetWeatherTestModif -->
